Drill report for saucey.kicad_pcb
Created on 2024-07-15T00:54:41+0600

Copper Layer Stackup:
    =============================================================
    L1 :  F.Cu                      front
    L2 :  B.Cu                      back


Drill file 'saucey-PTH.drl' contains
    plated through holes:
    =============================================================
    T1  0.200mm  0.0079"  (12 holes)
    T2  0.300mm  0.0118"  (43 holes)
    T3  0.600mm  0.0236"  (4 holes)  (with 4 slots)
    T4  0.750mm  0.0295"  (6 holes)
    T5  1.000mm  0.0394"  (10 holes)

    Total plated holes count 75


Drill file 'saucey-NPTH.drl' contains
    unplated through holes:
    =============================================================
    T1  0.650mm  0.0256"  (2 holes)
    T2  2.200mm  0.0866"  (4 holes)

    Total unplated holes count 6
